[Licensing::Module] Trying to connect to existing licensing client channel...
[Licensing::IpcConnector] Successfully connected to: "LicenseClient-Melaka-SD" at "2025-12-24T06:46:57.5957506Z"
[Licensing::Client] Code 10 while verifying Licensing Client signature (process Id: 16832, path: "C:/Program Files/Unity Hub/UnityLicensingClient_V1/Unity.Licensing.Client.exe")
[Licensing::Module] LicensingClient has failed validation; ignoring
[Licensing::Client] Handshaking with LicensingClient:
  Version:                 1.17.3+a4e98f1
  Session Id:              12862a6b36e24ceba25dc88006ced09e
  Correlation Id:          f86ad90cb4f76aeec22de45df33ef6e6
  External correlation Id: 4320289339963247442
  Machine Id:              /t0xQG6I+Sxvqj70/BKStxLvenU=
[Licensing::Module] Successfully connected to LicensingClient on channel: "LicenseClient-Melaka-SD" (connect: 0.00s, validation: 0.02s, handshake: 0.06s)
[Licensing::IpcConnector] Successfully connected to: "LicenseClient-Melaka-SD-notifications" at "2025-12-24T06:46:57.672327Z"
[Licensing::Module] Error: Access token is unavailable; failed to update
[Licensing::Client] Successfully updated license
Built from '2022.3/respin/2022.3.62f2-4af31df585-v2' branch; Version is '2022.3.62f3 (96770f904ca7) revision 9860879'; Using compiler version '192829333'; Build Type 'Release'
OS: 'Windows 11  (10.0.26100) 64bit Professional' Language: 'ko' Physical Memory: 65374 MB
[Licensing::Client] Successfully resolved entitlement details
[Licensing::Module] Serial number assigned to: "14568645892848-UnityPersXXXX"
BatchMode: 1, IsHumanControllingUs: 0, StartBugReporterOnCrash: 0, Is64bit: 1, IsPro: 0
[Licensing::Client] Successfully resolved entitlement details

COMMAND LINE ARGUMENTS:
C:\Program Files\Unity\Hub\Editor\2022.3.62f3\Editor\Unity.exe
-quit
-batchmode
-projectPath
c:/Github/Eyegaze Module
-executeMethod
BuildScript.BuildFromCommandLine
-logFile
c:/Github/Eyegaze Module/Output/build.log
Successfully changed project path to: c:/Github/Eyegaze Module
C:/Github/Eyegaze Module
It looks like another Unity instance is running with this project open.

Multiple Unity instances cannot open the same project.

Project: C:/Github/Eyegaze Module
Fatal Error! It looks like another Unity instance is running with this project open.

Multiple Unity instances cannot open the same project.

Project: C:/Github/Eyegaze Module
Crash!!!
SymInit: Symbol-SearchPath: 'C:/Program Files/Unity/Hub/Editor/2022.3.62f3/Editor/Data/Mono;.;C:\Github\Eyegaze Module;C:\Github\Eyegaze Module\Library\BurstCache\JIT;C:\Program Files\Unity\Hub\Editor\2022.3.62f3\Editor;C:\WINDOWS;C:\WINDOWS\system32;', symOptions: 534, UserName: 'Melaka-SD'
OS-Version: 10.0.0
C:\Program Files\Unity\Hub\Editor\2022.3.62f3\Editor\Unity.exe:Unity.exe (00007FF615420000), size: 83107840 (result: 0), SymType: '-deferred-', PDB: '', fileVersion: 2022.3.62.30479
C:\WINDOWS\SYSTEM32\ntdll.dll:ntdll.dll (00007FFB75900000), size: 2519040 (result: 0), SymType: '-deferred-', PDB: '', fileVersion: 10.0.26100.7462
C:\WINDOWS\System32\KERNEL32.DLL:KERNEL32.DLL (00007FFB740A0000), size: 823296 (result: 0), SymType: '-deferred-', PDB: '', fileVersion: 10.0.26100.7309
C:\WINDOWS\System32\KERNELBASE.dll:KERNELBASE.dll (00007FFB72D60000), size: 4124672 (result: 0), SymType: '-deferred-', PDB: '', fileVersion: 10.0.26100.7462
C:\WINDOWS\System32\CRYPT32.dll:CRYPT32.dll (00007FFB73300000), size: 1536000 (result: 0), SymType: '-deferred-', PDB: '', fileVersion: 10.0.26100.7309
C:\WINDOWS\System32\ucrtbase.dll:ucrtbase.dll (00007FFB72A50000), size: 1355776 (result: 0), SymType: '-deferred-', PDB: '', fileVersion: 10.0.26100.7019
C:\WINDOWS\System32\USER32.dll:USER32.dll (00007FFB736B0000), size: 1855488 (result: 0), SymType: '-deferred-', PDB: '', fileVersion: 10.0.26100.7462
C:\WINDOWS\System32\win32u.dll:win32u.dll (00007FFB73160000), size: 159744 (result: 0), SymType: '-deferred-', PDB: '', fileVersion: 10.0.26100.7309
C:\WINDOWS\System32\GDI32.dll:GDI32.dll (00007FFB73E90000), size: 176128 (result: 0), SymType: '-deferred-', PDB: '', fileVersion: 10.0.26100.7309
C:\WINDOWS\System32\gdi32full.dll:gdi32full.dll (00007FFB72BA0000), size: 1228800 (result: 0), SymType: '-deferred-', PDB: '', fileVersion: 10.0.26100.7309
C:\WINDOWS\System32\msvcp_win.dll:msvcp_win.dll (00007FFB735F0000), size: 667648 (result: 0), SymType: '-deferred-', PDB: '', fileVersion: 10.0.26100.7019
C:\WINDOWS\System32\ADVAPI32.dll:ADVAPI32.dll (00007FFB74170000), size: 737280 (result: 0), SymType: '-deferred-', PDB: '', fileVersion: 10.0.26100.7309
C:\WINDOWS\System32\msvcrt.dll:msvcrt.dll (00007FFB73880000), size: 692224 (result: 0), SymType: '-deferred-', PDB: '', fileVersion: 7.0.26100.7019
C:\WINDOWS\System32\sechost.dll:sechost.dll (00007FFB73B30000), size: 679936 (result: 0), SymType: '-deferred-', PDB: '', fileVersion: 10.0.26100.7309
C:\WINDOWS\System32\RPCRT4.dll:RPCRT4.dll (00007FFB74330000), size: 1146880 (result: 0), SymType: '-deferred-', PDB: '', fileVersion: 10.0.26100.7309
C:\WINDOWS\System32\SHELL32.dll:SHELL32.dll (00007FFB74E30000), size: 7680000 (result: 0), SymType: '-deferred-', PDB: '', fileVersion: 10.0.26100.7462
C:\WINDOWS\System32\wintypes.dll:wintypes.dll (00007FFB73480000), size: 1482752 (result: 0), SymType: '-deferred-', PDB: '', fileVersion: 10.0.26100.7309
C:\WINDOWS\System32\combase.dll:combase.dll (00007FFB74900000), size: 3690496 (result: 0), SymType: '-deferred-', PDB: '', fileVersion: 10.0.26100.7462
C:\WINDOWS\System32\SHLWAPI.dll:SHLWAPI.dll (00007FFB73A70000), size: 417792 (result: 0), SymType: '-deferred-', PDB: '', fileVersion: 10.0.26100.7309
C:\Program Files\Unity\Hub\Editor\2022.3.62f3\Editor\libfbxsdk.dll:libfbxsdk.dll (00007FFA95CA0000), size: 8019968 (result: 0), SymType: '-deferred-', PDB: '', fileVersion: 2020.3.7.0
C:\WINDOWS\System32\ole32.dll:ole32.dll (00007FFB74C90000), size: 1667072 (result: 0), SymType: '-deferred-', PDB: '', fileVersion: 10.0.26100.7462
C:\WINDOWS\System32\IMM32.dll:IMM32.dll (00007FFB73E50000), size: 200704 (result: 0), SymType: '-deferred-', PDB: '', fileVersion: 10.0.26100.7309
C:\WINDOWS\System32\SETUPAPI.dll:SETUPAPI.dll (00007FFB74450000), size: 4759552 (result: 0), SymType: '-deferred-', PDB: '', fileVersion: 10.0.26100.7309
C:\WINDOWS\System32\WS2_32.dll:WS2_32.dll (00007FFB73DD0000), size: 475136 (result: 0), SymType: '-deferred-', PDB: '', fileVersion: 10.0.26100.7019
C:\WINDOWS\System32\OLEAUT32.dll:OLEAUT32.dll (00007FFB73C50000), size: 876544 (result: 0), SymType: '-deferred-', PDB: '', fileVersion: 10.0.26100.7309
C:\WINDOWS\System32\WINTRUST.dll:WINTRUST.dll (00007FFB72CD0000), size: 524288 (result: 0), SymType: '-deferred-', PDB: '', fileVersion: 10.0.26100.7309
C:\Program Files\Unity\Hub\Editor\2022.3.62f3\Editor\s3tcompress.dll:s3tcompress.dll (00007FFB417E0000), size: 180224 (result: 0), SymType: '-deferred-', PDB: ''
C:\Program Files\Unity\Hub\Editor\2022.3.62f3\Editor\ispc_texcomp.dll:ispc_texcomp.dll (00007FFA9CAC0000), size: 1826816 (result: 0), SymType: '-deferred-', PDB: ''
C:\Program Files\Unity\Hub\Editor\2022.3.62f3\Editor\WinPixEventRuntime.dll:WinPixEventRuntime.dll (00007FFB5C4E0000), size: 45056 (result: 0), SymType: '-deferred-', PDB: '', fileVersion: 1.0.1812.6001
C:\Program Files\Unity\Hub\Editor\2022.3.62f3\Editor\umbraoptimizer64.dll:umbraoptimizer64.dll (00007FFB2FF80000), size: 1187840 (result: 0), SymType: '-deferred-', PDB: ''
C:\WINDOWS\SYSTEM32\MSVCP140.dll:MSVCP140.dll (00007FFB5AA50000), size: 561152 (result: 0), SymType: '-deferred-', PDB: '', fileVersion: 14.44.35211.0
C:\WINDOWS\SYSTEM32\VCRUNTIME140.dll:VCRUNTIME140.dll (00007FFB5B470000), size: 122880 (result: 0), SymType: '-deferred-', PDB: '', fileVersion: 14.44.35211.0
C:\WINDOWS\SYSTEM32\VCRUNTIME140_1.dll:VCRUNTIME140_1.dll (00007FFB5B460000), size: 49152 (result: 0), SymType: '-deferred-', PDB: '', fileVersion: 14.44.35211.0
C:\WINDOWS\SYSTEM32\OPENGL32.dll:OPENGL32.dll (00007FFAE0E20000), size: 1114112 (result: 0), SymType: '-deferred-', PDB: '', fileVersion: 10.0.26100.7309
C:\WINDOWS\SYSTEM32\GLU32.dll:GLU32.dll (00007FFB417B0000), size: 184320 (result: 0), SymType: '-deferred-', PDB: '', fileVersion: 10.0.26100.1150
C:\WINDOWS\SYSTEM32\IPHLPAPI.DLL:IPHLPAPI.DLL (00007FFB70970000), size: 212992 (result: 0), SymType: '-deferred-', PDB: '', fileVersion: 10.0.26100.7309
C:\WINDOWS\SYSTEM32\WINHTTP.dll:WINHTTP.dll (00007FFB67B90000), size: 1212416 (result: 0), SymType: '-deferred-', PDB: '', fileVersion: 10.0.26100.7462
C:\WINDOWS\SYSTEM32\WINMM.dll:WINMM.dll (00007FFB62970000), size: 217088 (result: 0), SymType: '-deferred-', PDB: '', fileVersion: 10.0.26100.7309
C:\WINDOWS\SYSTEM32\bcrypt.dll:bcrypt.dll (00007FFB72940000), size: 172032 (result: 0), SymType: '-deferred-', PDB: '', fileVersion: 10.0.26100.7019
C:\WINDOWS\SYSTEM32\HID.DLL:HID.DLL (00007FFB705B0000), size: 61440 (result: 0), SymType: '-deferred-', PDB: '', fileVersion: 10.0.26100.1150
C:\WINDOWS\SYSTEM32\dwmapi.dll:dwmapi.dll (00007FFB6F270000), size: 196608 (result: 0), SymType: '-deferred-', PDB: '', fileVersion: 10.0.26100.7309
C:\Program Files\Unity\Hub\Editor\2022.3.62f3\Editor\OpenRL.dll:OpenRL.dll (0000000180000000), size: 12779520 (result: 0), SymType: '-deferred-', PDB: '', fileVersion: 1.5.0.2907
C:\Program Files\Unity\Hub\Editor\2022.3.62f3\Editor\SketchUpAPI.dll:SketchUpAPI.dll (00007FFA95400000), size: 8990720 (result: 0), SymType: '-deferred-', PDB: '', fileVersion: 23.0.0.0
C:\Program Files\Unity\Hub\Editor\2022.3.62f3\Editor\NativeProxyHelper.dll:NativeProxyHelper.dll (00007FFA9BE00000), size: 1789952 (result: 0), SymType: '-deferred-', PDB: ''
C:\WINDOWS\SYSTEM32\VERSION.dll:VERSION.dll (00007FFB6A420000), size: 45056 (result: 0), SymType: '-deferred-', PDB: '', fileVersion: 10.0.26100.1150
C:\WINDOWS\SYSTEM32\WSOCK32.dll:WSOCK32.dll (00007FFB2E5D0000), size: 40960 (result: 0), SymType: '-deferred-', PDB: '', fileVersion: 10.0.26100.1
C:\Program Files\Unity\Hub\Editor\2022.3.62f3\Editor\etccompress.dll:etccompress.dll (00007FFAAA080000), size: 5070848 (result: 0), SymType: '-deferred-', PDB: ''
C:\WINDOWS\SYSTEM32\MSVCP100.dll:MSVCP100.dll (00000000601B0000), size: 622592 (result: 0), SymType: '-deferred-', PDB: '', fileVersion: 10.0.40219.325
C:\WINDOWS\SYSTEM32\MSVCR100.dll:MSVCR100.dll (000000005DC10000), size: 860160 (result: 0), SymType: '-deferred-', PDB: '', fileVersion: 10.0.40219.325
C:\Program Files\Unity\Hub\Editor\2022.3.62f3\Editor\compress_bc7e.dll:compress_bc7e.dll (00007FFAADEA0000), size: 1433600 (result: 0), SymType: '-deferred-', PDB: ''
C:\Program Files\Unity\Hub\Editor\2022.3.62f3\Editor\SketchUpCommonPreferences.dll:SketchUpCommonPreferences.dll (00007FFB301A0000), size: 499712 (result: 0), SymType: '-deferred-', PDB: '', fileVersion: 23.0.0.0
C:\WINDOWS\SYSTEM32\Secur32.dll:Secur32.dll (00007FFB6EAD0000), size: 53248 (result: 0), SymType: '-deferred-', PDB: '', fileVersion: 10.0.26100.1
C:\WINDOWS\SYSTEM32\dxcore.dll:dxcore.dll (00007FFB6EC70000), size: 278528 (result: 0), SymType: '-deferred-', PDB: '', fileVersion: 10.0.26100.7309
C:\WINDOWS\SYSTEM32\SSPICLI.DLL:SSPICLI.DLL (00007FFB710F0000), size: 299008 (result: 0), SymType: '-deferred-', PDB: '', fileVersion: 10.0.26100.7309
C:\Program Files\Unity\Hub\Editor\2022.3.62f3\Editor\embree.dll:embree.dll (00007FFA94410000), size: 16711680 (result: 0), SymType: '-deferred-', PDB: '', fileVersion: 2.14.0.0
C:\Program Files\Unity\Hub\Editor\2022.3.62f3\Editor\tbb.dll:tbb.dll (00007FFB41580000), size: 413696 (result: 0), SymType: '-deferred-', PDB: '', fileVersion: 2017.0.2016.1004
C:\WINDOWS\SYSTEM32\MSVCP120.dll:MSVCP120.dll (00007FFADA810000), size: 679936 (result: 0), SymType: '-deferred-', PDB: '', fileVersion: 12.0.40649.5
C:\WINDOWS\SYSTEM32\MSVCR120.dll:MSVCR120.dll (00007FFAE09A0000), size: 978944 (result: 0), SymType: '-deferred-', PDB: '', fileVersion: 12.0.40649.5
C:\Program Files\Unity\Hub\Editor\2022.3.62f3\Editor\OpenRL_pthread.dll:OpenRL_pthread.dll (000001AD26870000), size: 61440 (result: 0), SymType: '-deferred-', PDB: '', fileVersion: 2.9.0.0
C:\Program Files\Unity\Hub\Editor\2022.3.62f3\Editor\FreeImage.dll:FreeImage.dll (000001AD26880000), size: 5783552 (result: 0), SymType: '-deferred-', PDB: '', fileVersion: 3.18.0.0
C:\WINDOWS\SYSTEM32\cfgmgr32.DLL:cfgmgr32.DLL (00007FFB726E0000), size: 356352 (result: 0), SymType: '-deferred-', PDB: '', fileVersion: 10.0.26100.7309
C:\WINDOWS\SYSTEM32\MSWSOCK.DLL:MSWSOCK.DLL (00007FFB713A0000), size: 438272 (result: 0), SymType: '-deferred-', PDB: '', fileVersion: 10.0.26100.7309
C:\WINDOWS\SYSTEM32\MSASN1.dll:MSASN1.dll (00007FFB71890000), size: 77824 (result: 0), SymType: '-deferred-', PDB: '', fileVersion: 10.0.26100.7019
C:\WINDOWS\System32\bcryptprimitives.dll:bcryptprimitives.dll (00007FFB73250000), size: 675840 (result: 0), SymType: '-deferred-', PDB: '', fileVersion: 10.0.26100.7309
C:\WINDOWS\SYSTEM32\kernel.appcore.dll:kernel.appcore.dll (00007FFB70E90000), size: 110592 (result: 0), SymType: '-deferred-', PDB: '', fileVersion: 10.0.26100.7309
C:\WINDOWS\system32\uxtheme.dll:uxtheme.dll (00007FFB6EB40000), size: 700416 (result: 0), SymType: '-deferred-', PDB: '', fileVersion: 10.0.26100.7309
C:\WINDOWS\SYSTEM32\windows.storage.dll:windows.storage.dll (00007FFB6FD40000), size: 8773632 (result: 0), SymType: '-deferred-', PDB: '', fileVersion: 10.0.26100.7462
C:\WINDOWS\System32\SHCORE.dll:SHCORE.dll (00007FFB74230000), size: 1003520 (result: 0), SymType: '-deferred-', PDB: '', fileVersion: 10.0.26100.7462
C:\WINDOWS\SYSTEM32\profapi.dll:profapi.dll (00007FFB72970000), size: 167936 (result: 0), SymType: '-deferred-', PDB: '', fileVersion: 10.0.26100.7309
C:\WINDOWS\SYSTEM32\CRYPTSP.dll:CRYPTSP.dll (00007FFB72690000), size: 110592 (result: 0), SymType: '-deferred-', PDB: '', fileVersion: 10.0.26100.7309
C:\WINDOWS\system32\rsaenh.dll:rsaenh.dll (00007FFB71850000), size: 237568 (result: 0), SymType: '-deferred-', PDB: '', fileVersion: 10.0.26100.7019
C:\WINDOWS\SYSTEM32\CRYPTBASE.dll:CRYPTBASE.dll (00007FFB71840000), size: 49152 (result: 0), SymType: '-deferred-', PDB: '', fileVersion: 10.0.26100.7019
C:\WINDOWS\System32\imagehlp.dll:imagehlp.dll (00007FFB75590000), size: 131072 (result: 0), SymType: '-deferred-', PDB: '', fileVersion: 10.0.26100.4202
C:\WINDOWS\SYSTEM32\gpapi.dll:gpapi.dll (00007FFB71800000), size: 204800 (result: 0), SymType: '-deferred-', PDB: '', fileVersion: 10.0.26100.7309
C:\Windows\System32\cryptnet.dll:cryptnet.dll (00007FFB6A210000), size: 241664 (result: 0), SymType: '-deferred-', PDB: '', fileVersion: 10.0.26100.7309
C:\WINDOWS\SYSTEM32\WINNSI.DLL:WINNSI.DLL (00007FFB6CB90000), size: 61440 (result: 0), SymType: '-deferred-', PDB: '', fileVersion: 10.0.26100.7309
C:\WINDOWS\System32\NSI.dll:NSI.dll (00007FFB758B0000), size: 40960 (result: 0), SymType: '-deferred-', PDB: '', fileVersion: 10.0.26100.7019
C:\WINDOWS\system32\IconCodecService.dll:IconCodecService.dll (00007FFB4F020000), size: 45056 (result: 0), SymType: '-deferred-', PDB: '', fileVersion: 10.0.26100.1
C:\WINDOWS\SYSTEM32\WindowsCodecs.dll:WindowsCodecs.dll (00007FFB6CD40000), size: 2293760 (result: 0), SymType: '-deferred-', PDB: '', fileVersion: 10.0.26100.7309
C:\WINDOWS\System32\clbcatq.dll:clbcatq.dll (00007FFB739B0000), size: 720896 (result: 0), SymType: '-deferred-', PDB: '', fileVersion: 2001.12.10941.16384
C:\WINDOWS\System32\netprofm.dll:netprofm.dll (00007FFB6AAD0000), size: 458752 (result: 0), SymType: '-deferred-', PDB: '', fileVersion: 10.0.26100.7309
C:\WINDOWS\System32\npmproxy.dll:npmproxy.dll (00007FFB62380000), size: 102400 (result: 0), SymType: '-deferred-', PDB: '', fileVersion: 10.0.26100.7309
C:\WINDOWS\SYSTEM32\dbghelp.dll:dbghelp.dll (00007FFB72320000), size: 2367488 (result: 0), SymType: '-deferred-', PDB: '', fileVersion: 10.0.26100.5074

========== OUTPUTTING STACK TRACE ==================

0x00007FFB72E2782A (KERNELBASE) RaiseException
0x00007FF6170BD460 (Unity) EditorMonoConsole::LogToConsoleImplementation
0x00007FF6170BDE4C (Unity) EditorMonoConsole::LogToConsoleImplementation
0x00007FF617D50C5F (Unity) DebugStringToFilePostprocessedStacktrace
0x00007FF617D503BA (Unity) DebugStringToFile
0x00007FF617229877 (Unity) HandleProjectAlreadyOpenInAnotherInstance
0x00007FF61722BE18 (Unity) Application::InitializeProject
0x00007FF6176A9015 (Unity) WinMain
0x00007FF618A6B3EE (Unity) __scrt_common_main_seh
0x00007FFB740CE8D7 (KERNEL32) BaseThreadInitThunk
0x00007FFB7598C53C (ntdll) RtlUserThreadStart

========== END OF STACKTRACE ===========

A crash has been intercepted by the crash handler. For call stack and other details, see the latest crash report generated in:
 * C:/Users/lux02/AppData/Local/Temp/Unity/Editor/Crashes
